{
  "RSpec": {
    "coverage": {
      "/home/beck/unboxed/favorito/lib/core_ext/module.rb": [
        null,
        null,
        null,
        null,
        1,
        null,
        null,
        null,
        1,
        1,
        4,
        null,
        null,
        null
      ],
      "/home/beck/unboxed/favorito/app/lib/github.rb": [
        null,
        null,
        null,
        null,
        null,
        null,
        null,
        null,
        null,
        null,
        null,
        null,
        null,
        1,
        1,
        1,
        null,
        null,
        null,
        null,
        1,
        10,
        1,
        null,
        null,
        1,
        null,
        null,
        null,
        null,
        null,
        1,
        0,
        null,
        null,
        null,
        null,
        null,
        null,
        null,
        1,
        2,
        2,
        null,
        0,
        null,
        null,
        null,
        null,
        1
      ],
      "/home/beck/unboxed/favorito/app/lib/github/configuration.rb": [
        1,
        null,
        null,
        1,
        1,
        null,
        null,
        null,
        1,
        null,
        null,
        null,
        null,
        1,
        null,
        null,
        null,
        null,
        null,
        null,
        null,
        null,
        211,
        null,
        null,
        null,
        null,
        null,
        null,
        1,
        23,
        161,
        null,
        23,
        null,
        null,
        1,
        null,
        null,
        null,
        null,
        1,
        1,
        7,
        null,
        null,
        null,
        null
      ],
      "/home/beck/unboxed/favorito/app/lib/github/error.rb": [
        1,
        null,
        1,
        null,
        null,
        1,
        null,
        null,
        1,
        null,
        null,
        null,
        1,
        null,
        null,
        null,
        1,
        null,
        null,
        1,
        null,
        null,
        1,
        null,
        null,
        1,
        null
      ],
      "/home/beck/unboxed/favorito/app/lib/github/default.rb": [
        1,
        null,
        1,
        null,
        1,
        null,
        1,
        null,
        1,
        null,
        1,
        null,
        1,
        null,
        1,
        null,
        1,
        null,
        null,
        1,
        1288,
        null,
        null,
        null,
        1,
        162,
        null,
        null,
        null,
        null,
        1,
        null,
        null,
        null,
        null,
        null,
        null,
        162,
        null,
        null,
        null,
        1,
        324,
        null,
        null,
        null,
        1,
        324,
        null,
        null,
        null,
        1,
        324,
        null,
        null,
        null,
        1,
        162,
        null,
        null,
        null,
        1,
        162,
        null,
        null,
        null,
        null
      ],
      "/home/beck/unboxed/favorito/app/classes/favorito/platform.rb": [
        1,
        null,
        null,
        null,
        1,
        null,
        null,
        null,
        null,
        null,
        null,
        1,
        null,
        null,
        1,
        15,
        15,
        15,
        null,
        null,
        null
      ],
      "/home/beck/unboxed/favorito/app/classes/favorito/client.rb": [
        null,
        null,
        null,
        null,
        null,
        null,
        null,
        null,
        null,
        1,
        null,
        null,
        null,
        null,
        1,
        null,
        null,
        null,
        null,
        1,
        16,
        16,
        null,
        null,
        null,
        null,
        null,
        1,
        3,
        null,
        null,
        null,
        null,
        null,
        1,
        14,
        null,
        null,
        1,
        null,
        null,
        null,
        null,
        null,
        null,
        null,
        null,
        1,
        16,
        null,
        null,
        null,
        null,
        null,
        null,
        null,
        null,
        null,
        1,
        17,
        null,
        null,
        null,
        null,
        null,
        null,
        null,
        null,
        1,
        16,
        null,
        null,
        null,
        null,
        null,
        null,
        null,
        1,
        29,
        null,
        null,
        1,
        null,
        null,
        null
      ],
      "/home/beck/unboxed/favorito/app/lib/platforms/abstract_client.rb": [
        null,
        null,
        null,
        null,
        null,
        null,
        null,
        null,
        null,
        null,
        null,
        1,
        null,
        null,
        null,
        1,
        null,
        null,
        1,
        null,
        null,
        1,
        1,
        null,
        null,
        null,
        null,
        1
      ],
      "/home/beck/unboxed/favorito/app/lib/platforms/error.rb": [
        1,
        null,
        1,
        null,
        null,
        1,
        null,
        null,
        1,
        null,
        null,
        1,
        null,
        null,
        1,
        null
      ],
      "/home/beck/unboxed/favorito/app/classes/favorito/no_platform.rb": [
        1,
        null,
        null,
        null,
        null,
        null,
        1,
        1,
        1,
        null,
        null,
        1,
        3,
        null,
        null,
        null,
        1,
        2,
        null,
        null,
        null,
        1,
        3,
        null,
        null,
        null
      ],
      "/home/beck/unboxed/favorito/app/classes/favorito/presenter.rb": [
        1,
        null,
        null,
        null,
        null,
        null,
        1,
        null,
        null,
        1,
        null,
        null,
        null,
        null,
        null,
        1,
        10,
        null,
        null,
        null,
        null,
        null,
        null,
        1,
        3,
        11,
        null,
        null,
        null,
        null,
        null,
        null,
        null,
        1,
        null,
        108,
        108,
        108,
        8,
        null,
        null,
        1,
        null,
        null,
        1,
        3,
        null,
        null,
        null,
        1,
        6,
        null,
        null,
        null,
        1,
        6,
        null,
        null,
        null
      ],
      "/home/beck/unboxed/favorito/app/controllers/searches_controller.rb": [
        null,
        null,
        1,
        1,
        null,
        null,
        null,
        null,
        1,
        null,
        null,
        null,
        null,
        null,
        1,
        3,
        3,
        null,
        null,
        1,
        null,
        1,
        2,
        null,
        null,
        1,
        3,
        null,
        null,
        1,
        3,
        null,
        null
      ],
      "/home/beck/unboxed/favorito/app/controllers/application_controller.rb": [
        null,
        1,
        1,
        null,
        null,
        1,
        1,
        1,
        null,
        1,
        null,
        1,
        0,
        null,
        null
      ],
      "/home/beck/unboxed/favorito/app/helpers/application_helper.rb": [
        null,
        1,
        null
      ],
      "/home/beck/unboxed/favorito/app/lib/github/client.rb": [
        1,
        null,
        null,
        null,
        1,
        1,
        1,
        1,
        null,
        null,
        null,
        null,
        null,
        1,
        null,
        25,
        175,
        175,
        null,
        null,
        null,
        null
      ],
      "/home/beck/unboxed/favorito/app/lib/github/connection.rb": [
        1,
        null,
        1,
        null,
        null,
        null,
        null,
        null,
        null,
        1,
        23,
        null,
        null,
        null,
        null,
        null,
        1,
        0,
        null,
        null,
        null,
        null,
        null,
        1,
        0,
        null,
        null,
        null,
        null,
        null,
        1,
        0,
        null,
        null,
        null,
        null,
        null,
        null,
        null,
        null,
        1,
        15,
        15,
        15,
        null,
        null,
        null,
        null,
        null,
        1,
        15,
        15,
        19,
        19,
        19,
        null,
        15,
        null,
        null,
        null,
        null,
        null,
        1,
        38,
        38,
        38,
        38,
        null,
        null,
        null,
        null,
        null,
        1,
        42,
        null,
        null,
        null,
        null,
        null,
        1,
        0,
        null,
        null,
        1,
        null,
        null,
        1,
        20,
        null,
        null,
        1,
        null,
        1,
        0,
        null,
        null,
        null,
        null,
        null,
        null,
        1,
        38,
        null,
        null,
        null,
        38,
        null,
        null,
        1,
        20,
        null,
        null,
        20,
        20,
        20,
        null,
        null,
        null
      ],
      "/home/beck/unboxed/favorito/app/lib/github/client/user_repositories.rb": [
        1,
        1,
        null,
        null,
        1,
        1,
        null,
        1,
        null,
        null,
        null,
        null,
        null,
        null,
        null,
        1,
        20,
        20,
        16,
        null,
        4,
        null,
        null,
        null,
        null,
        null,
        null,
        null,
        null,
        null,
        null,
        null,
        null,
        1,
        16,
        null,
        null,
        null,
        null
      ],
      "/home/beck/unboxed/favorito/app/lib/github/user_repository.rb": [
        1,
        null,
        null,
        null,
        1,
        1,
        null,
        null,
        1,
        null,
        1,
        null,
        null,
        null,
        null,
        null,
        null,
        null,
        1,
        23,
        23,
        null,
        null,
        null,
        1,
        21,
        null,
        null,
        null,
        1,
        16,
        null,
        null,
        null,
        1,
        1,
        null,
        null,
        1,
        null,
        1,
        23,
        null,
        null,
        1,
        3,
        null,
        null,
        null
      ],
      "/home/beck/unboxed/favorito/app/models/search.rb": [
        null,
        null,
        null,
        null,
        null,
        null,
        null,
        1,
        1,
        1,
        null,
        1,
        null,
        1,
        10,
        null,
        null,
        1,
        null,
        null,
        null,
        null,
        1,
        4,
        4,
        4,
        null,
        null,
        null,
        null,
        null,
        null,
        null,
        null,
        null,
        1,
        5,
        null,
        null,
        null,
        1,
        1,
        null,
        null,
        1,
        null,
        null,
        1,
        5,
        null,
        null,
        null,
        1,
        5,
        null,
        null
      ],
      "/home/beck/unboxed/favorito/app/channels/application_cable/channel.rb": [
        0,
        0,
        0,
        0
      ],
      "/home/beck/unboxed/favorito/app/channels/application_cable/connection.rb": [
        0,
        0,
        0,
        0
      ],
      "/home/beck/unboxed/favorito/app/models/application_record.rb": [
        0,
        0,
        0,
        0
      ],
      "/home/beck/unboxed/favorito/app/mailers/application_mailer.rb": [
        0,
        0,
        0,
        0,
        0
      ],
      "/home/beck/unboxed/favorito/app/jobs/application_job.rb": [
        0,
        0
      ]
    },
    "timestamp": 1480279345
  }
}
